[debug] [2021-01-05T17:40:33.358Z] ----------------------------------------------------------------------
[debug] [2021-01-05T17:40:33.364Z] Command:       C:\Program Files\nodejs\node.exe C:\Users\Dell Laptop\AppData\Roaming\npm\node_modules\firebase-tools\lib\bin\firebase.js serve -p 4000
[debug] [2021-01-05T17:40:33.365Z] CLI Version:   8.16.2
[debug] [2021-01-05T17:40:33.365Z] Platform:      win32
[debug] [2021-01-05T17:40:33.366Z] Node Version:  v14.15.0
[debug] [2021-01-05T17:40:33.368Z] Time:          Tue Jan 05 2021 18:40:33 GMT+0100 (Central European Standard Time)
[debug] [2021-01-05T17:40:33.369Z] ----------------------------------------------------------------------
[debug] [2021-01-05T17:40:33.369Z] 
[debug] [2021-01-05T17:40:33.390Z] > command requires scopes: ["email","openid","https://www.googleapis.com/auth/cloudplatformprojects.readonly","https://www.googleapis.com/auth/firebase","https://www.googleapis.com/auth/cloud-platform"]
[debug] [2021-01-05T17:40:33.392Z] > authorizing via signed-in user
[debug] [2021-01-05T17:40:33.393Z] [iam] checking project annapavelstudio for permissions ["firebase.projects.get"]
[debug] [2021-01-05T17:40:33.400Z] > refreshing access token with scopes: ["email","https://www.googleapis.com/auth/cloud-platform","https://www.googleapis.com/auth/cloudplatformprojects.readonly","https://www.googleapis.com/auth/firebase","openid"]
[debug] [2021-01-05T17:40:33.400Z] >>> HTTP REQUEST POST https://www.googleapis.com/oauth2/v3/token  
 <request body omitted>
[debug] [2021-01-05T17:40:33.577Z] <<< HTTP RESPONSE 200 {"cache-control":"no-cache, no-store, max-age=0, must-revalidate","pragma":"no-cache","expires":"Mon, 01 Jan 1990 00:00:00 GMT","date":"Tue, 05 Jan 2021 17:40:23 GMT","content-type":"application/json; charset=utf-8","vary":"X-Origin, Referer, Origin,Accept-Encoding","server":"scaffolding on HTTPServer2","x-xss-protection":"0","x-frame-options":"SAMEORIGIN","x-content-type-options":"nosniff","alt-svc":"h3-29=\":443\"; ma=2592000,h3-T051=\":443\"; ma=2592000,h3-Q050=\":443\"; ma=2592000,h3-Q046=\":443\"; ma=2592000,h3-Q043=\":443\"; ma=2592000,quic=\":443\"; ma=2592000; v=\"46,43\"","accept-ranges":"none","transfer-encoding":"chunked"}
[debug] [2021-01-05T17:40:33.587Z] >>> HTTP REQUEST POST https://cloudresourcemanager.googleapis.com/v1/projects/annapavelstudio:testIamPermissions  
 {"permissions":["firebase.projects.get"]}
[debug] [2021-01-05T17:40:34.653Z] <<< HTTP RESPONSE 200 {"content-type":"application/json; charset=UTF-8","vary":"X-Origin, Referer, Origin,Accept-Encoding","date":"Tue, 05 Jan 2021 17:40:23 GMT","server":"ESF","cache-control":"private","x-xss-protection":"0","x-frame-options":"SAMEORIGIN","x-content-type-options":"nosniff","server-timing":"gfet4t7; dur=840","alt-svc":"h3-29=\":443\"; ma=2592000,h3-T051=\":443\"; ma=2592000,h3-Q050=\":443\"; ma=2592000,h3-Q046=\":443\"; ma=2592000,h3-Q043=\":443\"; ma=2592000,quic=\":443\"; ma=2592000; v=\"46,43\"","accept-ranges":"none","transfer-encoding":"chunked"}
[debug] [2021-01-05T17:40:34.656Z] >>> HTTP REQUEST GET https://firebase.googleapis.com/v1beta1/projects/annapavelstudio  
 
[debug] [2021-01-05T17:40:34.939Z] <<< HTTP RESPONSE 200 {"content-type":"application/json; charset=UTF-8","vary":"X-Origin, Referer, Origin,Accept-Encoding","date":"Tue, 05 Jan 2021 17:40:24 GMT","server":"ESF","cache-control":"private","x-xss-protection":"0","x-frame-options":"SAMEORIGIN","x-content-type-options":"nosniff","alt-svc":"h3-29=\":443\"; ma=2592000,h3-T051=\":443\"; ma=2592000,h3-Q050=\":443\"; ma=2592000,h3-Q046=\":443\"; ma=2592000,h3-Q043=\":443\"; ma=2592000,quic=\":443\"; ma=2592000; v=\"46,43\"","accept-ranges":"none","transfer-encoding":"chunked"}
[info] 
[info] === Serving from 'C:\gorazdo\gorazdo'...
[info] 
[debug] [2021-01-05T17:40:34.965Z] >>> HTTP REQUEST GET https://firebase.googleapis.com/v1beta1/projects/annapavelstudio/webApps/-/config  
 
[warn] !  Your requested "node" version "10" doesn't match your global version "14" {"metadata":{"emulator":{"name":"functions"},"message":"Your requested \"node\" version \"10\" doesn't match your global version \"14\""}}
[debug] [2021-01-05T17:40:35.069Z] defaultcredentials: writing to file C:\Users\Dell Laptop\AppData\Roaming\firebase\pavepy_gmail_com_application_default_credentials.json
[debug] [2021-01-05T17:40:35.073Z] Setting GAC to C:\Users\Dell Laptop\AppData\Roaming\firebase\pavepy_gmail_com_application_default_credentials.json {"metadata":{"emulator":{"name":"functions"},"message":"Setting GAC to C:\\Users\\Dell Laptop\\AppData\\Roaming\\firebase\\pavepy_gmail_com_application_default_credentials.json"}}
[debug] [2021-01-05T17:40:35.865Z] <<< HTTP RESPONSE 200 {"content-type":"application/json; charset=UTF-8","vary":"X-Origin, Referer, Origin,Accept-Encoding","date":"Tue, 05 Jan 2021 17:40:25 GMT","server":"ESF","cache-control":"private","x-xss-protection":"0","x-frame-options":"SAMEORIGIN","x-content-type-options":"nosniff","alt-svc":"h3-29=\":443\"; ma=2592000,h3-T051=\":443\"; ma=2592000,h3-Q050=\":443\"; ma=2592000,h3-Q046=\":443\"; ma=2592000,h3-Q043=\":443\"; ma=2592000,quic=\":443\"; ma=2592000; v=\"46,43\"","accept-ranges":"none","transfer-encoding":"chunked"}
[info] i  functions: Watching "C:\gorazdo\gorazdo\functions" for Cloud Functions... {"metadata":{"emulator":{"name":"functions"},"message":"Watching \"C:\\gorazdo\\gorazdo\\functions\" for Cloud Functions..."}}
[debug] [2021-01-05T17:40:36.122Z] [worker-pool] addWorker(~diagnostic~) {"metadata":{"emulator":{"name":"functions"},"message":"[worker-pool] addWorker(~diagnostic~)"}}
[debug] [2021-01-05T17:40:36.123Z] [worker-pool] Adding worker with key ~diagnostic~, total=1 {"metadata":{"emulator":{"name":"functions"},"message":"[worker-pool] Adding worker with key ~diagnostic~, total=1"}}
[debug] [2021-01-05T17:40:36.124Z] [worker-pool] submitWork(triggerId=) {"metadata":{"emulator":{"name":"functions"},"message":"[worker-pool] submitWork(triggerId=)"}}
[debug] [2021-01-05T17:40:36.126Z] [worker-~diagnostic~-d7898962-db17-43dd-89b8-84da6142cae8]: Assigning socketPath: \\?\pipe\C:\gorazdo\gorazdo\functions\25956 {"metadata":{"emulator":{"name":"functions"},"message":"[worker-~diagnostic~-d7898962-db17-43dd-89b8-84da6142cae8]: Assigning socketPath: \\\\?\\pipe\\C:\\gorazdo\\gorazdo\\functions\\25956"}}
[debug] [2021-01-05T17:40:36.129Z] [worker-~diagnostic~-d7898962-db17-43dd-89b8-84da6142cae8]: BUSY {"metadata":{"emulator":{"name":"functions"},"message":"[worker-~diagnostic~-d7898962-db17-43dd-89b8-84da6142cae8]: BUSY"}}
[info] i  hosting[gorazdo]: Serving hosting files from: out {"metadata":{"emulator":{"name":"hosting"},"message":"Serving hosting files from: \u001b[1mout\u001b[22m"}}
[info] +  hosting[gorazdo]: Local server: http://localhost:4000 {"metadata":{"emulator":{"name":"hosting"},"message":"Local server: \u001b[4m\u001b[1mhttp://localhost:4000\u001b[22m\u001b[24m"}}
[debug] [2021-01-05T17:40:37.304Z] [runtime-status] [25956] Functions runtime initialized. {"cwd":"C:\\gorazdo\\gorazdo\\functions","node_version":"14.15.0"} {"metadata":{"emulator":{"name":"functions"},"message":"[runtime-status] [25956] Functions runtime initialized. {\"cwd\":\"C:\\\\gorazdo\\\\gorazdo\\\\functions\",\"node_version\":\"14.15.0\"}"}}
[debug] [2021-01-05T17:40:37.307Z] [runtime-status] [25956] Disabled runtime features: undefined {"metadata":{"emulator":{"name":"functions"},"message":"[runtime-status] [25956] Disabled runtime features: undefined"}}
[debug] [2021-01-05T17:40:37.317Z] [runtime-status] [25956] Resolved module firebase-admin {"declared":true,"installed":true,"version":"9.4.2","resolution":"C:\\gorazdo\\gorazdo\\node_modules\\firebase-admin\\lib\\index.js"} {"metadata":{"emulator":{"name":"functions"},"message":"[runtime-status] [25956] Resolved module firebase-admin {\"declared\":true,\"installed\":true,\"version\":\"9.4.2\",\"resolution\":\"C:\\\\gorazdo\\\\gorazdo\\\\node_modules\\\\firebase-admin\\\\lib\\\\index.js\"}"}}
[warn] !  The Cloud Functions emulator requires the module "firebase-functions" to be installed. This package is in your package.json, but it's not available. You probably need to run "npm install" in your functions directory. {"metadata":{"emulator":{"name":"functions"},"message":"The Cloud Functions emulator requires the module \"firebase-functions\" to be installed. This package is in your package.json, but it's not available. You probably need to run \"npm install\" in your functions directory."}}
[info] i  functions: Your functions could not be parsed due to an issue with your node_modules (see above) {"metadata":{"emulator":{"name":"functions"},"message":"Your functions could not be parsed due to an issue with your node_modules (see above)"}}
[debug] [2021-01-05T17:40:37.365Z] [worker-~diagnostic~-d7898962-db17-43dd-89b8-84da6142cae8]: exited {"metadata":{"emulator":{"name":"functions"},"message":"[worker-~diagnostic~-d7898962-db17-43dd-89b8-84da6142cae8]: exited"}}
[debug] [2021-01-05T17:40:37.365Z] [worker-~diagnostic~-d7898962-db17-43dd-89b8-84da6142cae8]: FINISHED {"metadata":{"emulator":{"name":"functions"},"message":"[worker-~diagnostic~-d7898962-db17-43dd-89b8-84da6142cae8]: FINISHED"}}
[debug] [2021-01-05T18:27:00.458Z] ----------------------------------------------------------------------
[debug] [2021-01-05T18:27:00.460Z] Command:       C:\Program Files\nodejs\node.exe C:\Users\Dell Laptop\AppData\Roaming\npm\node_modules\firebase-tools\lib\bin\firebase.js serve -p 4000
[debug] [2021-01-05T18:27:00.460Z] CLI Version:   8.16.2
[debug] [2021-01-05T18:27:00.461Z] Platform:      win32
[debug] [2021-01-05T18:27:00.461Z] Node Version:  v14.15.0
[debug] [2021-01-05T18:27:00.461Z] Time:          Tue Jan 05 2021 19:27:00 GMT+0100 (Central European Standard Time)
[debug] [2021-01-05T18:27:00.462Z] ----------------------------------------------------------------------
[debug] [2021-01-05T18:27:00.462Z] 
[debug] [2021-01-05T18:27:00.468Z] > command requires scopes: ["email","openid","https://www.googleapis.com/auth/cloudplatformprojects.readonly","https://www.googleapis.com/auth/firebase","https://www.googleapis.com/auth/cloud-platform"]
[debug] [2021-01-05T18:27:00.469Z] > authorizing via signed-in user
[debug] [2021-01-05T18:27:00.469Z] [iam] checking project annapavelstudio for permissions ["firebase.projects.get"]
[debug] [2021-01-05T18:27:00.471Z] > refreshing access token with scopes: ["email","https://www.googleapis.com/auth/cloud-platform","https://www.googleapis.com/auth/cloudplatformprojects.readonly","https://www.googleapis.com/auth/firebase","openid"]
[debug] [2021-01-05T18:27:00.471Z] >>> HTTP REQUEST POST https://www.googleapis.com/oauth2/v3/token  
 <request body omitted>
[debug] [2021-01-05T18:27:00.612Z] <<< HTTP RESPONSE 200 {"cache-control":"no-cache, no-store, max-age=0, must-revalidate","pragma":"no-cache","expires":"Mon, 01 Jan 1990 00:00:00 GMT","date":"Tue, 05 Jan 2021 18:27:00 GMT","content-type":"application/json; charset=utf-8","vary":"X-Origin, Referer, Origin,Accept-Encoding","server":"scaffolding on HTTPServer2","x-xss-protection":"0","x-frame-options":"SAMEORIGIN","x-content-type-options":"nosniff","alt-svc":"h3-29=\":443\"; ma=2592000,h3-T051=\":443\"; ma=2592000,h3-Q050=\":443\"; ma=2592000,h3-Q046=\":443\"; ma=2592000,h3-Q043=\":443\"; ma=2592000,quic=\":443\"; ma=2592000; v=\"46,43\"","accept-ranges":"none","transfer-encoding":"chunked"}
[debug] [2021-01-05T18:27:00.616Z] >>> HTTP REQUEST POST https://cloudresourcemanager.googleapis.com/v1/projects/annapavelstudio:testIamPermissions  
 {"permissions":["firebase.projects.get"]}
[debug] [2021-01-05T18:27:01.539Z] <<< HTTP RESPONSE 200 {"content-type":"application/json; charset=UTF-8","vary":"X-Origin, Referer, Origin,Accept-Encoding","date":"Tue, 05 Jan 2021 18:27:01 GMT","server":"ESF","cache-control":"private","x-xss-protection":"0","x-frame-options":"SAMEORIGIN","x-content-type-options":"nosniff","server-timing":"gfet4t7; dur=812","alt-svc":"h3-29=\":443\"; ma=2592000,h3-T051=\":443\"; ma=2592000,h3-Q050=\":443\"; ma=2592000,h3-Q046=\":443\"; ma=2592000,h3-Q043=\":443\"; ma=2592000,quic=\":443\"; ma=2592000; v=\"46,43\"","accept-ranges":"none","transfer-encoding":"chunked"}
[debug] [2021-01-05T18:27:01.541Z] >>> HTTP REQUEST GET https://firebase.googleapis.com/v1beta1/projects/annapavelstudio  
 
[debug] [2021-01-05T18:27:01.837Z] <<< HTTP RESPONSE 200 {"content-type":"application/json; charset=UTF-8","vary":"X-Origin, Referer, Origin,Accept-Encoding","date":"Tue, 05 Jan 2021 18:27:01 GMT","server":"ESF","cache-control":"private","x-xss-protection":"0","x-frame-options":"SAMEORIGIN","x-content-type-options":"nosniff","alt-svc":"h3-29=\":443\"; ma=2592000,h3-T051=\":443\"; ma=2592000,h3-Q050=\":443\"; ma=2592000,h3-Q046=\":443\"; ma=2592000,h3-Q043=\":443\"; ma=2592000,quic=\":443\"; ma=2592000; v=\"46,43\"","accept-ranges":"none","transfer-encoding":"chunked"}
[info] 
[info] === Serving from 'C:\gorazdo\gorazdo'...
[info] 
[debug] [2021-01-05T18:27:01.842Z] >>> HTTP REQUEST GET https://firebase.googleapis.com/v1beta1/projects/annapavelstudio/webApps/-/config  
 
[warn] !  Your requested "node" version "10" doesn't match your global version "14" {"metadata":{"emulator":{"name":"functions"},"message":"Your requested \"node\" version \"10\" doesn't match your global version \"14\""}}
[debug] [2021-01-05T18:27:01.858Z] defaultcredentials: writing to file C:\Users\Dell Laptop\AppData\Roaming\firebase\pavepy_gmail_com_application_default_credentials.json
[debug] [2021-01-05T18:27:01.859Z] Setting GAC to C:\Users\Dell Laptop\AppData\Roaming\firebase\pavepy_gmail_com_application_default_credentials.json {"metadata":{"emulator":{"name":"functions"},"message":"Setting GAC to C:\\Users\\Dell Laptop\\AppData\\Roaming\\firebase\\pavepy_gmail_com_application_default_credentials.json"}}
[debug] [2021-01-05T18:27:02.697Z] <<< HTTP RESPONSE 200 {"content-type":"application/json; charset=UTF-8","vary":"X-Origin, Referer, Origin,Accept-Encoding","date":"Tue, 05 Jan 2021 18:27:02 GMT","server":"ESF","cache-control":"private","x-xss-protection":"0","x-frame-options":"SAMEORIGIN","x-content-type-options":"nosniff","alt-svc":"h3-29=\":443\"; ma=2592000,h3-T051=\":443\"; ma=2592000,h3-Q050=\":443\"; ma=2592000,h3-Q046=\":443\"; ma=2592000,h3-Q043=\":443\"; ma=2592000,quic=\":443\"; ma=2592000; v=\"46,43\"","accept-ranges":"none","transfer-encoding":"chunked"}
[info] i  functions: Watching "C:\gorazdo\gorazdo\functions" for Cloud Functions... {"metadata":{"emulator":{"name":"functions"},"message":"Watching \"C:\\gorazdo\\gorazdo\\functions\" for Cloud Functions..."}}
[debug] [2021-01-05T18:27:02.725Z] [worker-pool] addWorker(~diagnostic~) {"metadata":{"emulator":{"name":"functions"},"message":"[worker-pool] addWorker(~diagnostic~)"}}
[debug] [2021-01-05T18:27:02.726Z] [worker-pool] Adding worker with key ~diagnostic~, total=1 {"metadata":{"emulator":{"name":"functions"},"message":"[worker-pool] Adding worker with key ~diagnostic~, total=1"}}
[debug] [2021-01-05T18:27:02.726Z] [worker-pool] submitWork(triggerId=) {"metadata":{"emulator":{"name":"functions"},"message":"[worker-pool] submitWork(triggerId=)"}}
[debug] [2021-01-05T18:27:02.726Z] [worker-~diagnostic~-2c122257-2239-4138-8428-46dfe9ebea5f]: Assigning socketPath: \\?\pipe\C:\gorazdo\gorazdo\functions\25052 {"metadata":{"emulator":{"name":"functions"},"message":"[worker-~diagnostic~-2c122257-2239-4138-8428-46dfe9ebea5f]: Assigning socketPath: \\\\?\\pipe\\C:\\gorazdo\\gorazdo\\functions\\25052"}}
[debug] [2021-01-05T18:27:02.727Z] [worker-~diagnostic~-2c122257-2239-4138-8428-46dfe9ebea5f]: BUSY {"metadata":{"emulator":{"name":"functions"},"message":"[worker-~diagnostic~-2c122257-2239-4138-8428-46dfe9ebea5f]: BUSY"}}
[info] i  hosting[gorazdo]: Serving hosting files from: out {"metadata":{"emulator":{"name":"hosting"},"message":"Serving hosting files from: \u001b[1mout\u001b[22m"}}
[info] +  hosting[gorazdo]: Local server: http://localhost:4000 {"metadata":{"emulator":{"name":"hosting"},"message":"Local server: \u001b[4m\u001b[1mhttp://localhost:4000\u001b[22m\u001b[24m"}}
[debug] [2021-01-05T18:27:03.120Z] [runtime-status] [25052] Functions runtime initialized. {"cwd":"C:\\gorazdo\\gorazdo\\functions","node_version":"14.15.0"} {"metadata":{"emulator":{"name":"functions"},"message":"[runtime-status] [25052] Functions runtime initialized. {\"cwd\":\"C:\\\\gorazdo\\\\gorazdo\\\\functions\",\"node_version\":\"14.15.0\"}"}}
[debug] [2021-01-05T18:27:03.122Z] [runtime-status] [25052] Disabled runtime features: undefined {"metadata":{"emulator":{"name":"functions"},"message":"[runtime-status] [25052] Disabled runtime features: undefined"}}
[debug] [2021-01-05T18:27:03.126Z] [runtime-status] [25052] Resolved module firebase-admin {"declared":true,"installed":true,"version":"9.4.2","resolution":"C:\\gorazdo\\gorazdo\\node_modules\\firebase-admin\\lib\\index.js"} {"metadata":{"emulator":{"name":"functions"},"message":"[runtime-status] [25052] Resolved module firebase-admin {\"declared\":true,\"installed\":true,\"version\":\"9.4.2\",\"resolution\":\"C:\\\\gorazdo\\\\gorazdo\\\\node_modules\\\\firebase-admin\\\\lib\\\\index.js\"}"}}
[warn] !  The Cloud Functions emulator requires the module "firebase-functions" to be installed. This package is in your package.json, but it's not available. You probably need to run "npm install" in your functions directory. {"metadata":{"emulator":{"name":"functions"},"message":"The Cloud Functions emulator requires the module \"firebase-functions\" to be installed. This package is in your package.json, but it's not available. You probably need to run \"npm install\" in your functions directory."}}
[info] i  functions: Your functions could not be parsed due to an issue with your node_modules (see above) {"metadata":{"emulator":{"name":"functions"},"message":"Your functions could not be parsed due to an issue with your node_modules (see above)"}}
[debug] [2021-01-05T18:27:03.148Z] [worker-~diagnostic~-2c122257-2239-4138-8428-46dfe9ebea5f]: exited {"metadata":{"emulator":{"name":"functions"},"message":"[worker-~diagnostic~-2c122257-2239-4138-8428-46dfe9ebea5f]: exited"}}
[debug] [2021-01-05T18:27:03.148Z] [worker-~diagnostic~-2c122257-2239-4138-8428-46dfe9ebea5f]: FINISHED {"metadata":{"emulator":{"name":"functions"},"message":"[worker-~diagnostic~-2c122257-2239-4138-8428-46dfe9ebea5f]: FINISHED"}}
[debug] [2021-01-05T18:34:46.440Z] ----------------------------------------------------------------------
[debug] [2021-01-05T18:34:46.442Z] Command:       C:\Program Files\nodejs\node.exe C:\Users\Dell Laptop\AppData\Roaming\npm\node_modules\firebase-tools\lib\bin\firebase.js serve -p 4000
[debug] [2021-01-05T18:34:46.443Z] CLI Version:   8.16.2
[debug] [2021-01-05T18:34:46.443Z] Platform:      win32
[debug] [2021-01-05T18:34:46.443Z] Node Version:  v14.15.0
[debug] [2021-01-05T18:34:46.444Z] Time:          Tue Jan 05 2021 19:34:46 GMT+0100 (Central European Standard Time)
[debug] [2021-01-05T18:34:46.444Z] ----------------------------------------------------------------------
[debug] [2021-01-05T18:34:46.444Z] 
[debug] [2021-01-05T18:34:46.450Z] > command requires scopes: ["email","openid","https://www.googleapis.com/auth/cloudplatformprojects.readonly","https://www.googleapis.com/auth/firebase","https://www.googleapis.com/auth/cloud-platform"]
[debug] [2021-01-05T18:34:46.450Z] > authorizing via signed-in user
[debug] [2021-01-05T18:34:46.451Z] [iam] checking project annapavelstudio for permissions ["firebase.projects.get"]
[debug] [2021-01-05T18:34:46.454Z] >>> HTTP REQUEST POST https://cloudresourcemanager.googleapis.com/v1/projects/annapavelstudio:testIamPermissions  
 {"permissions":["firebase.projects.get"]}
[debug] [2021-01-05T18:34:47.348Z] <<< HTTP RESPONSE 200 {"content-type":"application/json; charset=UTF-8","vary":"X-Origin, Referer, Origin,Accept-Encoding","date":"Tue, 05 Jan 2021 18:34:47 GMT","server":"ESF","cache-control":"private","x-xss-protection":"0","x-frame-options":"SAMEORIGIN","x-content-type-options":"nosniff","server-timing":"gfet4t7; dur=782","alt-svc":"h3-29=\":443\"; ma=2592000,h3-T051=\":443\"; ma=2592000,h3-Q050=\":443\"; ma=2592000,h3-Q046=\":443\"; ma=2592000,h3-Q043=\":443\"; ma=2592000,quic=\":443\"; ma=2592000; v=\"46,43\"","accept-ranges":"none","transfer-encoding":"chunked"}
[debug] [2021-01-05T18:34:47.349Z] >>> HTTP REQUEST GET https://firebase.googleapis.com/v1beta1/projects/annapavelstudio  
 
[debug] [2021-01-05T18:34:47.526Z] <<< HTTP RESPONSE 200 {"content-type":"application/json; charset=UTF-8","vary":"X-Origin, Referer, Origin,Accept-Encoding","date":"Tue, 05 Jan 2021 18:34:47 GMT","server":"ESF","cache-control":"private","x-xss-protection":"0","x-frame-options":"SAMEORIGIN","x-content-type-options":"nosniff","alt-svc":"h3-29=\":443\"; ma=2592000,h3-T051=\":443\"; ma=2592000,h3-Q050=\":443\"; ma=2592000,h3-Q046=\":443\"; ma=2592000,h3-Q043=\":443\"; ma=2592000,quic=\":443\"; ma=2592000; v=\"46,43\"","accept-ranges":"none","transfer-encoding":"chunked"}
[info] 
[info] === Serving from 'C:\gorazdo\gorazdo'...
[info] 
[debug] [2021-01-05T18:34:47.531Z] >>> HTTP REQUEST GET https://firebase.googleapis.com/v1beta1/projects/annapavelstudio/webApps/-/config  
 
[warn] !  Your requested "node" version "10" doesn't match your global version "14" {"metadata":{"emulator":{"name":"functions"},"message":"Your requested \"node\" version \"10\" doesn't match your global version \"14\""}}
[debug] [2021-01-05T18:34:47.541Z] defaultcredentials: writing to file C:\Users\Dell Laptop\AppData\Roaming\firebase\pavepy_gmail_com_application_default_credentials.json
[debug] [2021-01-05T18:34:47.542Z] Setting GAC to C:\Users\Dell Laptop\AppData\Roaming\firebase\pavepy_gmail_com_application_default_credentials.json {"metadata":{"emulator":{"name":"functions"},"message":"Setting GAC to C:\\Users\\Dell Laptop\\AppData\\Roaming\\firebase\\pavepy_gmail_com_application_default_credentials.json"}}
[debug] [2021-01-05T18:34:48.431Z] <<< HTTP RESPONSE 200 {"content-type":"application/json; charset=UTF-8","vary":"X-Origin, Referer, Origin,Accept-Encoding","date":"Tue, 05 Jan 2021 18:34:48 GMT","server":"ESF","cache-control":"private","x-xss-protection":"0","x-frame-options":"SAMEORIGIN","x-content-type-options":"nosniff","alt-svc":"h3-29=\":443\"; ma=2592000,h3-T051=\":443\"; ma=2592000,h3-Q050=\":443\"; ma=2592000,h3-Q046=\":443\"; ma=2592000,h3-Q043=\":443\"; ma=2592000,quic=\":443\"; ma=2592000; v=\"46,43\"","accept-ranges":"none","transfer-encoding":"chunked"}
[info] i  functions: Watching "C:\gorazdo\gorazdo\functions" for Cloud Functions... {"metadata":{"emulator":{"name":"functions"},"message":"Watching \"C:\\gorazdo\\gorazdo\\functions\" for Cloud Functions..."}}
[debug] [2021-01-05T18:34:48.469Z] [worker-pool] addWorker(~diagnostic~) {"metadata":{"emulator":{"name":"functions"},"message":"[worker-pool] addWorker(~diagnostic~)"}}
[debug] [2021-01-05T18:34:48.469Z] [worker-pool] Adding worker with key ~diagnostic~, total=1 {"metadata":{"emulator":{"name":"functions"},"message":"[worker-pool] Adding worker with key ~diagnostic~, total=1"}}
[debug] [2021-01-05T18:34:48.469Z] [worker-pool] submitWork(triggerId=) {"metadata":{"emulator":{"name":"functions"},"message":"[worker-pool] submitWork(triggerId=)"}}
[debug] [2021-01-05T18:34:48.469Z] [worker-~diagnostic~-dd457e42-8c08-4e8f-b2be-c914ef4884df]: Assigning socketPath: \\?\pipe\C:\gorazdo\gorazdo\functions\12968 {"metadata":{"emulator":{"name":"functions"},"message":"[worker-~diagnostic~-dd457e42-8c08-4e8f-b2be-c914ef4884df]: Assigning socketPath: \\\\?\\pipe\\C:\\gorazdo\\gorazdo\\functions\\12968"}}
[debug] [2021-01-05T18:34:48.470Z] [worker-~diagnostic~-dd457e42-8c08-4e8f-b2be-c914ef4884df]: BUSY {"metadata":{"emulator":{"name":"functions"},"message":"[worker-~diagnostic~-dd457e42-8c08-4e8f-b2be-c914ef4884df]: BUSY"}}
[info] i  hosting[gorazdo]: Serving hosting files from: out {"metadata":{"emulator":{"name":"hosting"},"message":"Serving hosting files from: \u001b[1mout\u001b[22m"}}
[info] +  hosting[gorazdo]: Local server: http://localhost:4000 {"metadata":{"emulator":{"name":"hosting"},"message":"Local server: \u001b[4m\u001b[1mhttp://localhost:4000\u001b[22m\u001b[24m"}}
[debug] [2021-01-05T18:34:48.858Z] [runtime-status] [12968] Functions runtime initialized. {"cwd":"C:\\gorazdo\\gorazdo\\functions","node_version":"14.15.0"} {"metadata":{"emulator":{"name":"functions"},"message":"[runtime-status] [12968] Functions runtime initialized. {\"cwd\":\"C:\\\\gorazdo\\\\gorazdo\\\\functions\",\"node_version\":\"14.15.0\"}"}}
[debug] [2021-01-05T18:34:48.859Z] [runtime-status] [12968] Disabled runtime features: undefined {"metadata":{"emulator":{"name":"functions"},"message":"[runtime-status] [12968] Disabled runtime features: undefined"}}
[debug] [2021-01-05T18:34:48.861Z] [runtime-status] [12968] Resolved module firebase-admin {"declared":true,"installed":true,"version":"9.4.2","resolution":"C:\\gorazdo\\gorazdo\\node_modules\\firebase-admin\\lib\\index.js"} {"metadata":{"emulator":{"name":"functions"},"message":"[runtime-status] [12968] Resolved module firebase-admin {\"declared\":true,\"installed\":true,\"version\":\"9.4.2\",\"resolution\":\"C:\\\\gorazdo\\\\gorazdo\\\\node_modules\\\\firebase-admin\\\\lib\\\\index.js\"}"}}
[warn] !  The Cloud Functions emulator requires the module "firebase-functions" to be installed. This package is in your package.json, but it's not available. You probably need to run "npm install" in your functions directory. {"metadata":{"emulator":{"name":"functions"},"message":"The Cloud Functions emulator requires the module \"firebase-functions\" to be installed. This package is in your package.json, but it's not available. You probably need to run \"npm install\" in your functions directory."}}
[info] i  functions: Your functions could not be parsed due to an issue with your node_modules (see above) {"metadata":{"emulator":{"name":"functions"},"message":"Your functions could not be parsed due to an issue with your node_modules (see above)"}}
[debug] [2021-01-05T18:34:48.893Z] [worker-~diagnostic~-dd457e42-8c08-4e8f-b2be-c914ef4884df]: exited {"metadata":{"emulator":{"name":"functions"},"message":"[worker-~diagnostic~-dd457e42-8c08-4e8f-b2be-c914ef4884df]: exited"}}
[debug] [2021-01-05T18:34:48.893Z] [worker-~diagnostic~-dd457e42-8c08-4e8f-b2be-c914ef4884df]: FINISHED {"metadata":{"emulator":{"name":"functions"},"message":"[worker-~diagnostic~-dd457e42-8c08-4e8f-b2be-c914ef4884df]: FINISHED"}}
[info] i  hosting: 127.0.0.1 - - [05/Jan/2021:18:39:39 +0000] "GET /__/firebase/8.2.1/firebase-firestore.js HTTP/1.1" 200 302699 "-" "Mozilla/5.0 (Windows NT 10.0; Win64; x64) AppleWebKit/537.36 (KHTML, like Gecko) Chrome/87.0.4280.88 Safari/537.36" {"metadata":{"emulator":{"name":"hosting"},"message":"127.0.0.1 - - [05/Jan/2021:18:39:39 +0000] \"GET /__/firebase/8.2.1/firebase-firestore.js HTTP/1.1\" 200 302699 \"-\" \"Mozilla/5.0 (Windows NT 10.0; Win64; x64) AppleWebKit/537.36 (KHTML, like Gecko) Chrome/87.0.4280.88 Safari/537.36\""}}
[info] i  hosting: 127.0.0.1 - - [05/Jan/2021:18:39:39 +0000] "GET /favicon.ico HTTP/1.1" 200 3870 "http://localhost:4000/__/firebase/8.2.1/firebase-firestore.js" "Mozilla/5.0 (Windows NT 10.0; Win64; x64) AppleWebKit/537.36 (KHTML, like Gecko) Chrome/87.0.4280.88 Safari/537.36" {"metadata":{"emulator":{"name":"hosting"},"message":"127.0.0.1 - - [05/Jan/2021:18:39:39 +0000] \"GET /favicon.ico HTTP/1.1\" 200 3870 \"http://localhost:4000/__/firebase/8.2.1/firebase-firestore.js\" \"Mozilla/5.0 (Windows NT 10.0; Win64; x64) AppleWebKit/537.36 (KHTML, like Gecko) Chrome/87.0.4280.88 Safari/537.36\""}}
[debug] [2021-01-05T18:40:54.128Z] ----------------------------------------------------------------------
[debug] [2021-01-05T18:40:54.133Z] Command:       C:\Program Files\nodejs\node.exe C:\Users\Dell Laptop\AppData\Roaming\npm\node_modules\firebase-tools\lib\bin\firebase.js serve -p 4000
[debug] [2021-01-05T18:40:54.134Z] CLI Version:   8.16.2
[debug] [2021-01-05T18:40:54.134Z] Platform:      win32
[debug] [2021-01-05T18:40:54.134Z] Node Version:  v14.15.0
[debug] [2021-01-05T18:40:54.135Z] Time:          Tue Jan 05 2021 19:40:54 GMT+0100 (Central European Standard Time)
[debug] [2021-01-05T18:40:54.136Z] ----------------------------------------------------------------------
[debug] [2021-01-05T18:40:54.136Z] 
[debug] [2021-01-05T18:40:54.143Z] > command requires scopes: ["email","openid","https://www.googleapis.com/auth/cloudplatformprojects.readonly","https://www.googleapis.com/auth/firebase","https://www.googleapis.com/auth/cloud-platform"]
[debug] [2021-01-05T18:40:54.144Z] > authorizing via signed-in user
[debug] [2021-01-05T18:40:54.144Z] [iam] checking project annapavelstudio for permissions ["firebase.projects.get"]
[debug] [2021-01-05T18:40:54.148Z] >>> HTTP REQUEST POST https://cloudresourcemanager.googleapis.com/v1/projects/annapavelstudio:testIamPermissions  
 {"permissions":["firebase.projects.get"]}
[debug] [2021-01-05T18:41:17.393Z] ----------------------------------------------------------------------
[debug] [2021-01-05T18:41:17.395Z] Command:       C:\Program Files\nodejs\node.exe C:\Users\Dell Laptop\AppData\Roaming\npm\node_modules\firebase-tools\lib\bin\firebase.js serve -p 4000
[debug] [2021-01-05T18:41:17.395Z] CLI Version:   8.16.2
[debug] [2021-01-05T18:41:17.395Z] Platform:      win32
[debug] [2021-01-05T18:41:17.395Z] Node Version:  v14.15.0
[debug] [2021-01-05T18:41:17.396Z] Time:          Tue Jan 05 2021 19:41:17 GMT+0100 (Central European Standard Time)
[debug] [2021-01-05T18:41:17.396Z] ----------------------------------------------------------------------
[debug] [2021-01-05T18:41:17.396Z] 
[debug] [2021-01-05T18:41:17.402Z] > command requires scopes: ["email","openid","https://www.googleapis.com/auth/cloudplatformprojects.readonly","https://www.googleapis.com/auth/firebase","https://www.googleapis.com/auth/cloud-platform"]
[debug] [2021-01-05T18:41:17.402Z] > authorizing via signed-in user
[debug] [2021-01-05T18:41:17.403Z] [iam] checking project annapavelstudio for permissions ["firebase.projects.get"]
[debug] [2021-01-05T18:41:17.405Z] >>> HTTP REQUEST POST https://cloudresourcemanager.googleapis.com/v1/projects/annapavelstudio:testIamPermissions  
 {"permissions":["firebase.projects.get"]}
[debug] [2021-01-05T18:41:18.286Z] <<< HTTP RESPONSE 200 {"content-type":"application/json; charset=UTF-8","vary":"X-Origin, Referer, Origin,Accept-Encoding","date":"Tue, 05 Jan 2021 18:41:18 GMT","server":"ESF","cache-control":"private","x-xss-protection":"0","x-frame-options":"SAMEORIGIN","x-content-type-options":"nosniff","server-timing":"gfet4t7; dur=791","alt-svc":"h3-29=\":443\"; ma=2592000,h3-T051=\":443\"; ma=2592000,h3-Q050=\":443\"; ma=2592000,h3-Q046=\":443\"; ma=2592000,h3-Q043=\":443\"; ma=2592000,quic=\":443\"; ma=2592000; v=\"46,43\"","accept-ranges":"none","transfer-encoding":"chunked"}
[debug] [2021-01-05T18:41:18.287Z] >>> HTTP REQUEST GET https://firebase.googleapis.com/v1beta1/projects/annapavelstudio  
 
[debug] [2021-01-05T18:41:18.540Z] <<< HTTP RESPONSE 200 {"content-type":"application/json; charset=UTF-8","vary":"X-Origin, Referer, Origin,Accept-Encoding","date":"Tue, 05 Jan 2021 18:41:18 GMT","server":"ESF","cache-control":"private","x-xss-protection":"0","x-frame-options":"SAMEORIGIN","x-content-type-options":"nosniff","alt-svc":"h3-29=\":443\"; ma=2592000,h3-T051=\":443\"; ma=2592000,h3-Q050=\":443\"; ma=2592000,h3-Q046=\":443\"; ma=2592000,h3-Q043=\":443\"; ma=2592000,quic=\":443\"; ma=2592000; v=\"46,43\"","accept-ranges":"none","transfer-encoding":"chunked"}
[info] 
[info] === Serving from 'C:\gorazdo\gorazdo'...
[info] 
[debug] [2021-01-05T18:41:18.544Z] >>> HTTP REQUEST GET https://firebase.googleapis.com/v1beta1/projects/annapavelstudio/webApps/-/config  
 
[warn] !  Your requested "node" version "10" doesn't match your global version "14" {"metadata":{"emulator":{"name":"functions"},"message":"Your requested \"node\" version \"10\" doesn't match your global version \"14\""}}
[debug] [2021-01-05T18:41:18.555Z] defaultcredentials: writing to file C:\Users\Dell Laptop\AppData\Roaming\firebase\pavepy_gmail_com_application_default_credentials.json
[debug] [2021-01-05T18:41:18.556Z] Setting GAC to C:\Users\Dell Laptop\AppData\Roaming\firebase\pavepy_gmail_com_application_default_credentials.json {"metadata":{"emulator":{"name":"functions"},"message":"Setting GAC to C:\\Users\\Dell Laptop\\AppData\\Roaming\\firebase\\pavepy_gmail_com_application_default_credentials.json"}}
[debug] [2021-01-05T18:41:19.299Z] <<< HTTP RESPONSE 200 {"content-type":"application/json; charset=UTF-8","vary":"X-Origin, Referer, Origin,Accept-Encoding","date":"Tue, 05 Jan 2021 18:41:19 GMT","server":"ESF","cache-control":"private","x-xss-protection":"0","x-frame-options":"SAMEORIGIN","x-content-type-options":"nosniff","alt-svc":"h3-29=\":443\"; ma=2592000,h3-T051=\":443\"; ma=2592000,h3-Q050=\":443\"; ma=2592000,h3-Q046=\":443\"; ma=2592000,h3-Q043=\":443\"; ma=2592000,quic=\":443\"; ma=2592000; v=\"46,43\"","accept-ranges":"none","transfer-encoding":"chunked"}
[info] i  functions: Watching "C:\gorazdo\gorazdo\functions" for Cloud Functions... {"metadata":{"emulator":{"name":"functions"},"message":"Watching \"C:\\gorazdo\\gorazdo\\functions\" for Cloud Functions..."}}
[debug] [2021-01-05T18:41:19.326Z] [worker-pool] addWorker(~diagnostic~) {"metadata":{"emulator":{"name":"functions"},"message":"[worker-pool] addWorker(~diagnostic~)"}}
[debug] [2021-01-05T18:41:19.327Z] [worker-pool] Adding worker with key ~diagnostic~, total=1 {"metadata":{"emulator":{"name":"functions"},"message":"[worker-pool] Adding worker with key ~diagnostic~, total=1"}}
[debug] [2021-01-05T18:41:19.327Z] [worker-pool] submitWork(triggerId=) {"metadata":{"emulator":{"name":"functions"},"message":"[worker-pool] submitWork(triggerId=)"}}
[debug] [2021-01-05T18:41:19.328Z] [worker-~diagnostic~-656c5614-b39d-41a7-9b31-68fb15d767b9]: Assigning socketPath: \\?\pipe\C:\gorazdo\gorazdo\functions\32176 {"metadata":{"emulator":{"name":"functions"},"message":"[worker-~diagnostic~-656c5614-b39d-41a7-9b31-68fb15d767b9]: Assigning socketPath: \\\\?\\pipe\\C:\\gorazdo\\gorazdo\\functions\\32176"}}
[debug] [2021-01-05T18:41:19.328Z] [worker-~diagnostic~-656c5614-b39d-41a7-9b31-68fb15d767b9]: BUSY {"metadata":{"emulator":{"name":"functions"},"message":"[worker-~diagnostic~-656c5614-b39d-41a7-9b31-68fb15d767b9]: BUSY"}}
[info] i  hosting[gorazdo]: Serving hosting files from: out {"metadata":{"emulator":{"name":"hosting"},"message":"Serving hosting files from: \u001b[1mout\u001b[22m"}}
[info] +  hosting[gorazdo]: Local server: http://localhost:4000 {"metadata":{"emulator":{"name":"hosting"},"message":"Local server: \u001b[4m\u001b[1mhttp://localhost:4000\u001b[22m\u001b[24m"}}
[debug] [2021-01-05T18:41:19.701Z] [runtime-status] [32176] Functions runtime initialized. {"cwd":"C:\\gorazdo\\gorazdo\\functions","node_version":"14.15.0"} {"metadata":{"emulator":{"name":"functions"},"message":"[runtime-status] [32176] Functions runtime initialized. {\"cwd\":\"C:\\\\gorazdo\\\\gorazdo\\\\functions\",\"node_version\":\"14.15.0\"}"}}
[debug] [2021-01-05T18:41:19.703Z] [runtime-status] [32176] Disabled runtime features: undefined {"metadata":{"emulator":{"name":"functions"},"message":"[runtime-status] [32176] Disabled runtime features: undefined"}}
[debug] [2021-01-05T18:41:19.706Z] [runtime-status] [32176] Resolved module firebase-admin {"declared":true,"installed":true,"version":"9.4.2","resolution":"C:\\gorazdo\\gorazdo\\node_modules\\firebase-admin\\lib\\index.js"} {"metadata":{"emulator":{"name":"functions"},"message":"[runtime-status] [32176] Resolved module firebase-admin {\"declared\":true,\"installed\":true,\"version\":\"9.4.2\",\"resolution\":\"C:\\\\gorazdo\\\\gorazdo\\\\node_modules\\\\firebase-admin\\\\lib\\\\index.js\"}"}}
[warn] !  The Cloud Functions emulator requires the module "firebase-functions" to be installed. This package is in your package.json, but it's not available. You probably need to run "npm install" in your functions directory. {"metadata":{"emulator":{"name":"functions"},"message":"The Cloud Functions emulator requires the module \"firebase-functions\" to be installed. This package is in your package.json, but it's not available. You probably need to run \"npm install\" in your functions directory."}}
[info] i  functions: Your functions could not be parsed due to an issue with your node_modules (see above) {"metadata":{"emulator":{"name":"functions"},"message":"Your functions could not be parsed due to an issue with your node_modules (see above)"}}
[debug] [2021-01-05T18:41:19.740Z] [worker-~diagnostic~-656c5614-b39d-41a7-9b31-68fb15d767b9]: exited {"metadata":{"emulator":{"name":"functions"},"message":"[worker-~diagnostic~-656c5614-b39d-41a7-9b31-68fb15d767b9]: exited"}}
[debug] [2021-01-05T18:41:19.740Z] [worker-~diagnostic~-656c5614-b39d-41a7-9b31-68fb15d767b9]: FINISHED {"metadata":{"emulator":{"name":"functions"},"message":"[worker-~diagnostic~-656c5614-b39d-41a7-9b31-68fb15d767b9]: FINISHED"}}
[info] i  hosting: 127.0.0.1 - - [05/Jan/2021:18:42:14 +0000] "GET /__/firebase/8.2.1/firebase-firestore.js HTTP/1.1" 200 302699 "-" "Mozilla/5.0 (Windows NT 10.0; Win64; x64) AppleWebKit/537.36 (KHTML, like Gecko) Chrome/87.0.4280.88 Safari/537.36" {"metadata":{"emulator":{"name":"hosting"},"message":"127.0.0.1 - - [05/Jan/2021:18:42:14 +0000] \"GET /__/firebase/8.2.1/firebase-firestore.js HTTP/1.1\" 200 302699 \"-\" \"Mozilla/5.0 (Windows NT 10.0; Win64; x64) AppleWebKit/537.36 (KHTML, like Gecko) Chrome/87.0.4280.88 Safari/537.36\""}}
[info] i  hosting: 127.0.0.1 - - [05/Jan/2021:18:42:28 +0000] "GET /__/firebase/init.js HTTP/1.1" 200 - "http://localhost:3001/login" "Mozilla/5.0 (Windows NT 10.0; Win64; x64) AppleWebKit/537.36 (KHTML, like Gecko) Chrome/87.0.4280.88 Safari/537.36" {"metadata":{"emulator":{"name":"hosting"},"message":"127.0.0.1 - - [05/Jan/2021:18:42:28 +0000] \"GET /__/firebase/init.js HTTP/1.1\" 200 - \"http://localhost:3001/login\" \"Mozilla/5.0 (Windows NT 10.0; Win64; x64) AppleWebKit/537.36 (KHTML, like Gecko) Chrome/87.0.4280.88 Safari/537.36\""}}
[info] i  hosting: 127.0.0.1 - - [05/Jan/2021:18:42:28 +0000] "GET /__/firebase/8.2.1/firebase-app.js HTTP/1.1" 200 19969 "http://localhost:3001/login" "Mozilla/5.0 (Windows NT 10.0; Win64; x64) AppleWebKit/537.36 (KHTML, like Gecko) Chrome/87.0.4280.88 Safari/537.36" {"metadata":{"emulator":{"name":"hosting"},"message":"127.0.0.1 - - [05/Jan/2021:18:42:28 +0000] \"GET /__/firebase/8.2.1/firebase-app.js HTTP/1.1\" 200 19969 \"http://localhost:3001/login\" \"Mozilla/5.0 (Windows NT 10.0; Win64; x64) AppleWebKit/537.36 (KHTML, like Gecko) Chrome/87.0.4280.88 Safari/537.36\""}}
[info] i  hosting: 127.0.0.1 - - [05/Jan/2021:18:42:28 +0000] "GET /__/firebase/8.2.1/firebase-messaging.js HTTP/1.1" 200 40767 "http://localhost:3001/login" "Mozilla/5.0 (Windows NT 10.0; Win64; x64) AppleWebKit/537.36 (KHTML, like Gecko) Chrome/87.0.4280.88 Safari/537.36" {"metadata":{"emulator":{"name":"hosting"},"message":"127.0.0.1 - - [05/Jan/2021:18:42:28 +0000] \"GET /__/firebase/8.2.1/firebase-messaging.js HTTP/1.1\" 200 40767 \"http://localhost:3001/login\" \"Mozilla/5.0 (Windows NT 10.0; Win64; x64) AppleWebKit/537.36 (KHTML, like Gecko) Chrome/87.0.4280.88 Safari/537.36\""}}
[info] i  hosting: 127.0.0.1 - - [05/Jan/2021:18:42:28 +0000] "GET /__/firebase/8.2.1/firebase-storage.js HTTP/1.1" 200 40552 "http://localhost:3001/login" "Mozilla/5.0 (Windows NT 10.0; Win64; x64) AppleWebKit/537.36 (KHTML, like Gecko) Chrome/87.0.4280.88 Safari/537.36" {"metadata":{"emulator":{"name":"hosting"},"message":"127.0.0.1 - - [05/Jan/2021:18:42:28 +0000] \"GET /__/firebase/8.2.1/firebase-storage.js HTTP/1.1\" 200 40552 \"http://localhost:3001/login\" \"Mozilla/5.0 (Windows NT 10.0; Win64; x64) AppleWebKit/537.36 (KHTML, like Gecko) Chrome/87.0.4280.88 Safari/537.36\""}}
[info] i  hosting: 127.0.0.1 - - [05/Jan/2021:18:42:28 +0000] "GET /__/firebase/8.2.1/firebase-auth.js HTTP/1.1" 200 176596 "http://localhost:3001/login" "Mozilla/5.0 (Windows NT 10.0; Win64; x64) AppleWebKit/537.36 (KHTML, like Gecko) Chrome/87.0.4280.88 Safari/537.36" {"metadata":{"emulator":{"name":"hosting"},"message":"127.0.0.1 - - [05/Jan/2021:18:42:28 +0000] \"GET /__/firebase/8.2.1/firebase-auth.js HTTP/1.1\" 200 176596 \"http://localhost:3001/login\" \"Mozilla/5.0 (Windows NT 10.0; Win64; x64) AppleWebKit/537.36 (KHTML, like Gecko) Chrome/87.0.4280.88 Safari/537.36\""}}
[info] i  hosting: 127.0.0.1 - - [05/Jan/2021:18:42:30 +0000] "GET /__/firebase/8.2.1/firebase-storage.js.map HTTP/1.1" 200 209911 "-" "Mozilla/5.0 (Windows NT 10.0; Win64; x64) AppleWebKit/537.36 (KHTML, like Gecko) Chrome/87.0.4280.88 Safari/537.36" {"metadata":{"emulator":{"name":"hosting"},"message":"127.0.0.1 - - [05/Jan/2021:18:42:30 +0000] \"GET /__/firebase/8.2.1/firebase-storage.js.map HTTP/1.1\" 200 209911 \"-\" \"Mozilla/5.0 (Windows NT 10.0; Win64; x64) AppleWebKit/537.36 (KHTML, like Gecko) Chrome/87.0.4280.88 Safari/537.36\""}}
[info] i  hosting: 127.0.0.1 - - [05/Jan/2021:18:42:30 +0000] "GET /__/firebase/8.2.1/firebase-app.js.map HTTP/1.1" 200 105445 "-" "Mozilla/5.0 (Windows NT 10.0; Win64; x64) AppleWebKit/537.36 (KHTML, like Gecko) Chrome/87.0.4280.88 Safari/537.36" {"metadata":{"emulator":{"name":"hosting"},"message":"127.0.0.1 - - [05/Jan/2021:18:42:30 +0000] \"GET /__/firebase/8.2.1/firebase-app.js.map HTTP/1.1\" 200 105445 \"-\" \"Mozilla/5.0 (Windows NT 10.0; Win64; x64) AppleWebKit/537.36 (KHTML, like Gecko) Chrome/87.0.4280.88 Safari/537.36\""}}
[info] i  hosting: 127.0.0.1 - - [05/Jan/2021:18:42:30 +0000] "GET /__/firebase/8.2.1/firebase-messaging.js.map HTTP/1.1" 200 177777 "-" "Mozilla/5.0 (Windows NT 10.0; Win64; x64) AppleWebKit/537.36 (KHTML, like Gecko) Chrome/87.0.4280.88 Safari/537.36" {"metadata":{"emulator":{"name":"hosting"},"message":"127.0.0.1 - - [05/Jan/2021:18:42:30 +0000] \"GET /__/firebase/8.2.1/firebase-messaging.js.map HTTP/1.1\" 200 177777 \"-\" \"Mozilla/5.0 (Windows NT 10.0; Win64; x64) AppleWebKit/537.36 (KHTML, like Gecko) Chrome/87.0.4280.88 Safari/537.36\""}}
[info] i  hosting: 127.0.0.1 - - [05/Jan/2021:18:42:31 +0000] "GET /__/firebase/8.2.1/firebase-auth.js.map HTTP/1.1" 200 2393971 "-" "Mozilla/5.0 (Windows NT 10.0; Win64; x64) AppleWebKit/537.36 (KHTML, like Gecko) Chrome/87.0.4280.88 Safari/537.36" {"metadata":{"emulator":{"name":"hosting"},"message":"127.0.0.1 - - [05/Jan/2021:18:42:31 +0000] \"GET /__/firebase/8.2.1/firebase-auth.js.map HTTP/1.1\" 200 2393971 \"-\" \"Mozilla/5.0 (Windows NT 10.0; Win64; x64) AppleWebKit/537.36 (KHTML, like Gecko) Chrome/87.0.4280.88 Safari/537.36\""}}
[info] i  hosting: 127.0.0.1 - - [05/Jan/2021:18:42:31 +0000] "GET /__/firebase/8.2.1/firebase-firestore.js.map HTTP/1.1" 200 2009701 "-" "Mozilla/5.0 (Windows NT 10.0; Win64; x64) AppleWebKit/537.36 (KHTML, like Gecko) Chrome/87.0.4280.88 Safari/537.36" {"metadata":{"emulator":{"name":"hosting"},"message":"127.0.0.1 - - [05/Jan/2021:18:42:31 +0000] \"GET /__/firebase/8.2.1/firebase-firestore.js.map HTTP/1.1\" 200 2009701 \"-\" \"Mozilla/5.0 (Windows NT 10.0; Win64; x64) AppleWebKit/537.36 (KHTML, like Gecko) Chrome/87.0.4280.88 Safari/537.36\""}}
[info] i  hosting: 127.0.0.1 - - [05/Jan/2021:18:45:57 +0000] "GET /__/firebase/init.js HTTP/1.1" 200 - "http://localhost:3001/team" "Mozilla/5.0 (Windows NT 10.0; Win64; x64) AppleWebKit/537.36 (KHTML, like Gecko) Chrome/87.0.4280.88 Safari/537.36" {"metadata":{"emulator":{"name":"hosting"},"message":"127.0.0.1 - - [05/Jan/2021:18:45:57 +0000] \"GET /__/firebase/init.js HTTP/1.1\" 200 - \"http://localhost:3001/team\" \"Mozilla/5.0 (Windows NT 10.0; Win64; x64) AppleWebKit/537.36 (KHTML, like Gecko) Chrome/87.0.4280.88 Safari/537.36\""}}
[info] i  hosting: 127.0.0.1 - - [05/Jan/2021:18:45:59 +0000] "GET /__/firebase/init.js HTTP/1.1" 200 - "http://localhost:3001/login" "Mozilla/5.0 (Windows NT 10.0; Win64; x64) AppleWebKit/537.36 (KHTML, like Gecko) Chrome/87.0.4280.88 Safari/537.36" {"metadata":{"emulator":{"name":"hosting"},"message":"127.0.0.1 - - [05/Jan/2021:18:45:59 +0000] \"GET /__/firebase/init.js HTTP/1.1\" 200 - \"http://localhost:3001/login\" \"Mozilla/5.0 (Windows NT 10.0; Win64; x64) AppleWebKit/537.36 (KHTML, like Gecko) Chrome/87.0.4280.88 Safari/537.36\""}}
[info] i  hosting: 127.0.0.1 - - [05/Jan/2021:18:46:00 +0000] "GET /__/firebase/8.2.1/firebase-app.js.map HTTP/1.1" 200 105445 "-" "Mozilla/5.0 (Windows NT 10.0; Win64; x64) AppleWebKit/537.36 (KHTML, like Gecko) Chrome/87.0.4280.88 Safari/537.36" {"metadata":{"emulator":{"name":"hosting"},"message":"127.0.0.1 - - [05/Jan/2021:18:46:00 +0000] \"GET /__/firebase/8.2.1/firebase-app.js.map HTTP/1.1\" 200 105445 \"-\" \"Mozilla/5.0 (Windows NT 10.0; Win64; x64) AppleWebKit/537.36 (KHTML, like Gecko) Chrome/87.0.4280.88 Safari/537.36\""}}
[info] i  hosting: 127.0.0.1 - - [05/Jan/2021:18:46:00 +0000] "GET /__/firebase/8.2.1/firebase-messaging.js.map HTTP/1.1" 200 177777 "-" "Mozilla/5.0 (Windows NT 10.0; Win64; x64) AppleWebKit/537.36 (KHTML, like Gecko) Chrome/87.0.4280.88 Safari/537.36" {"metadata":{"emulator":{"name":"hosting"},"message":"127.0.0.1 - - [05/Jan/2021:18:46:00 +0000] \"GET /__/firebase/8.2.1/firebase-messaging.js.map HTTP/1.1\" 200 177777 \"-\" \"Mozilla/5.0 (Windows NT 10.0; Win64; x64) AppleWebKit/537.36 (KHTML, like Gecko) Chrome/87.0.4280.88 Safari/537.36\""}}
[info] i  hosting: 127.0.0.1 - - [05/Jan/2021:18:46:00 +0000] "GET /__/firebase/8.2.1/firebase-storage.js.map HTTP/1.1" 200 209911 "-" "Mozilla/5.0 (Windows NT 10.0; Win64; x64) AppleWebKit/537.36 (KHTML, like Gecko) Chrome/87.0.4280.88 Safari/537.36" {"metadata":{"emulator":{"name":"hosting"},"message":"127.0.0.1 - - [05/Jan/2021:18:46:00 +0000] \"GET /__/firebase/8.2.1/firebase-storage.js.map HTTP/1.1\" 200 209911 \"-\" \"Mozilla/5.0 (Windows NT 10.0; Win64; x64) AppleWebKit/537.36 (KHTML, like Gecko) Chrome/87.0.4280.88 Safari/537.36\""}}
[info] i  hosting: 127.0.0.1 - - [05/Jan/2021:18:46:01 +0000] "GET /__/firebase/8.2.1/firebase-firestore.js.map HTTP/1.1" 200 2009701 "-" "Mozilla/5.0 (Windows NT 10.0; Win64; x64) AppleWebKit/537.36 (KHTML, like Gecko) Chrome/87.0.4280.88 Safari/537.36" {"metadata":{"emulator":{"name":"hosting"},"message":"127.0.0.1 - - [05/Jan/2021:18:46:01 +0000] \"GET /__/firebase/8.2.1/firebase-firestore.js.map HTTP/1.1\" 200 2009701 \"-\" \"Mozilla/5.0 (Windows NT 10.0; Win64; x64) AppleWebKit/537.36 (KHTML, like Gecko) Chrome/87.0.4280.88 Safari/537.36\""}}
[info] i  hosting: 127.0.0.1 - - [05/Jan/2021:18:46:01 +0000] "GET /__/firebase/8.2.1/firebase-auth.js.map HTTP/1.1" 200 2393971 "-" "Mozilla/5.0 (Windows NT 10.0; Win64; x64) AppleWebKit/537.36 (KHTML, like Gecko) Chrome/87.0.4280.88 Safari/537.36" {"metadata":{"emulator":{"name":"hosting"},"message":"127.0.0.1 - - [05/Jan/2021:18:46:01 +0000] \"GET /__/firebase/8.2.1/firebase-auth.js.map HTTP/1.1\" 200 2393971 \"-\" \"Mozilla/5.0 (Windows NT 10.0; Win64; x64) AppleWebKit/537.36 (KHTML, like Gecko) Chrome/87.0.4280.88 Safari/537.36\""}}
[info] i  hosting: 127.0.0.1 - - [05/Jan/2021:18:46:01 +0000] "GET /__/firebase/8.2.1/firebase-messaging.js.map HTTP/1.1" 200 177777 "-" "Mozilla/5.0 (Windows NT 10.0; Win64; x64) AppleWebKit/537.36 (KHTML, like Gecko) Chrome/87.0.4280.88 Safari/537.36" {"metadata":{"emulator":{"name":"hosting"},"message":"127.0.0.1 - - [05/Jan/2021:18:46:01 +0000] \"GET /__/firebase/8.2.1/firebase-messaging.js.map HTTP/1.1\" 200 177777 \"-\" \"Mozilla/5.0 (Windows NT 10.0; Win64; x64) AppleWebKit/537.36 (KHTML, like Gecko) Chrome/87.0.4280.88 Safari/537.36\""}}
[info] i  hosting: 127.0.0.1 - - [05/Jan/2021:18:46:01 +0000] "GET /__/firebase/8.2.1/firebase-app.js.map HTTP/1.1" 200 105445 "-" "Mozilla/5.0 (Windows NT 10.0; Win64; x64) AppleWebKit/537.36 (KHTML, like Gecko) Chrome/87.0.4280.88 Safari/537.36" {"metadata":{"emulator":{"name":"hosting"},"message":"127.0.0.1 - - [05/Jan/2021:18:46:01 +0000] \"GET /__/firebase/8.2.1/firebase-app.js.map HTTP/1.1\" 200 105445 \"-\" \"Mozilla/5.0 (Windows NT 10.0; Win64; x64) AppleWebKit/537.36 (KHTML, like Gecko) Chrome/87.0.4280.88 Safari/537.36\""}}
[info] i  hosting: 127.0.0.1 - - [05/Jan/2021:18:46:02 +0000] "GET /__/firebase/8.2.1/firebase-storage.js.map HTTP/1.1" 200 209911 "-" "Mozilla/5.0 (Windows NT 10.0; Win64; x64) AppleWebKit/537.36 (KHTML, like Gecko) Chrome/87.0.4280.88 Safari/537.36" {"metadata":{"emulator":{"name":"hosting"},"message":"127.0.0.1 - - [05/Jan/2021:18:46:02 +0000] \"GET /__/firebase/8.2.1/firebase-storage.js.map HTTP/1.1\" 200 209911 \"-\" \"Mozilla/5.0 (Windows NT 10.0; Win64; x64) AppleWebKit/537.36 (KHTML, like Gecko) Chrome/87.0.4280.88 Safari/537.36\""}}
[info] i  hosting: 127.0.0.1 - - [05/Jan/2021:18:46:02 +0000] "GET /__/firebase/8.2.1/firebase-firestore.js.map HTTP/1.1" 200 2009701 "-" "Mozilla/5.0 (Windows NT 10.0; Win64; x64) AppleWebKit/537.36 (KHTML, like Gecko) Chrome/87.0.4280.88 Safari/537.36" {"metadata":{"emulator":{"name":"hosting"},"message":"127.0.0.1 - - [05/Jan/2021:18:46:02 +0000] \"GET /__/firebase/8.2.1/firebase-firestore.js.map HTTP/1.1\" 200 2009701 \"-\" \"Mozilla/5.0 (Windows NT 10.0; Win64; x64) AppleWebKit/537.36 (KHTML, like Gecko) Chrome/87.0.4280.88 Safari/537.36\""}}
[info] i  hosting: 127.0.0.1 - - [05/Jan/2021:18:46:02 +0000] "GET /__/firebase/8.2.1/firebase-auth.js.map HTTP/1.1" 200 2393971 "-" "Mozilla/5.0 (Windows NT 10.0; Win64; x64) AppleWebKit/537.36 (KHTML, like Gecko) Chrome/87.0.4280.88 Safari/537.36" {"metadata":{"emulator":{"name":"hosting"},"message":"127.0.0.1 - - [05/Jan/2021:18:46:02 +0000] \"GET /__/firebase/8.2.1/firebase-auth.js.map HTTP/1.1\" 200 2393971 \"-\" \"Mozilla/5.0 (Windows NT 10.0; Win64; x64) AppleWebKit/537.36 (KHTML, like Gecko) Chrome/87.0.4280.88 Safari/537.36\""}}
